0 info it worked if it ends with ok
1 verbose cli [ '/usr/local/bin/node',
1 verbose cli   '/usr/local/bin/npm',
1 verbose cli   'install',
1 verbose cli   '-g',
1 verbose cli   'mongo-hacker' ]
2 info using npm@3.10.8
3 info using node@v6.9.1
4 silly loadCurrentTree Starting
5 silly install loadCurrentTree
6 silly install readGlobalPackageData
7 silly fetchPackageMetaData mongo-hacker
8 silly fetchNamedPackageData mongo-hacker
9 silly mapToRegistry name mongo-hacker
10 silly mapToRegistry using default registry
11 silly mapToRegistry registry https://registry.npmjs.org/
12 silly mapToRegistry data Result {
12 silly mapToRegistry   raw: 'mongo-hacker',
12 silly mapToRegistry   scope: null,
12 silly mapToRegistry   escapedName: 'mongo-hacker',
12 silly mapToRegistry   name: 'mongo-hacker',
12 silly mapToRegistry   rawSpec: '',
12 silly mapToRegistry   spec: 'latest',
12 silly mapToRegistry   type: 'tag' }
13 silly mapToRegistry uri https://registry.npmjs.org/mongo-hacker
14 verbose request uri https://registry.npmjs.org/mongo-hacker
15 verbose request no auth needed
16 info attempt registry request try #1 at 2:45:23 AM
17 verbose request id 69f4b2fcc8245488
18 verbose etag "CFM4TD4QJY4G5GIPQQU7M0FWY"
19 http request GET https://registry.npmjs.org/mongo-hacker
20 http 304 https://registry.npmjs.org/mongo-hacker
21 verbose headers { date: 'Tue, 01 Nov 2016 00:45:23 GMT',
21 verbose headers   via: '1.1 varnish',
21 verbose headers   'cache-control': 'max-age=300',
21 verbose headers   etag: '"CFM4TD4QJY4G5GIPQQU7M0FWY"',
21 verbose headers   age: '105',
21 verbose headers   connection: 'keep-alive',
21 verbose headers   'x-served-by': 'cache-lcy1148-LCY',
21 verbose headers   'x-cache': 'HIT',
21 verbose headers   'x-cache-hits': '1',
21 verbose headers   'x-timer': 'S1477961123.858925,VS0,VE0',
21 verbose headers   vary: 'Accept-Encoding' }
22 silly get cb [ 304,
22 silly get   { date: 'Tue, 01 Nov 2016 00:45:23 GMT',
22 silly get     via: '1.1 varnish',
22 silly get     'cache-control': 'max-age=300',
22 silly get     etag: '"CFM4TD4QJY4G5GIPQQU7M0FWY"',
22 silly get     age: '105',
22 silly get     connection: 'keep-alive',
22 silly get     'x-served-by': 'cache-lcy1148-LCY',
22 silly get     'x-cache': 'HIT',
22 silly get     'x-cache-hits': '1',
22 silly get     'x-timer': 'S1477961123.858925,VS0,VE0',
22 silly get     vary: 'Accept-Encoding' } ]
23 verbose etag https://registry.npmjs.org/mongo-hacker from cache
24 verbose get saving mongo-hacker to /Users/barispalaska/.npm/registry.npmjs.org/mongo-hacker/.cache.json
25 verbose correctMkdir /Users/barispalaska/.npm correctMkdir not in flight; initializing
26 silly install normalizeTree
27 silly loadCurrentTree Finishing
28 silly loadIdealTree Starting
29 silly install loadIdealTree
30 silly cloneCurrentTree Starting
31 silly install cloneCurrentTreeToIdealTree
32 silly cloneCurrentTree Finishing
33 silly loadShrinkwrap Starting
34 silly install loadShrinkwrap
35 silly loadShrinkwrap Finishing
36 silly loadAllDepsIntoIdealTree Starting
37 silly install loadAllDepsIntoIdealTree
38 silly resolveWithNewModule mongo-hacker@0.0.15 checking installable status
39 silly cache add args [ 'mongo-hacker', null ]
40 verbose cache add spec mongo-hacker
41 silly cache add parsed spec Result {
41 silly cache add   raw: 'mongo-hacker',
41 silly cache add   scope: null,
41 silly cache add   escapedName: 'mongo-hacker',
41 silly cache add   name: 'mongo-hacker',
41 silly cache add   rawSpec: '',
41 silly cache add   spec: 'latest',
41 silly cache add   type: 'tag' }
42 silly addNamed mongo-hacker@latest
43 verbose addNamed "latest" is being treated as a dist-tag for mongo-hacker
44 info addNameTag [ 'mongo-hacker', 'latest' ]
45 silly mapToRegistry name mongo-hacker
46 silly mapToRegistry using default registry
47 silly mapToRegistry registry https://registry.npmjs.org/
48 silly mapToRegistry data Result {
48 silly mapToRegistry   raw: 'mongo-hacker',
48 silly mapToRegistry   scope: null,
48 silly mapToRegistry   escapedName: 'mongo-hacker',
48 silly mapToRegistry   name: 'mongo-hacker',
48 silly mapToRegistry   rawSpec: '',
48 silly mapToRegistry   spec: 'latest',
48 silly mapToRegistry   type: 'tag' }
49 silly mapToRegistry uri https://registry.npmjs.org/mongo-hacker
50 verbose addNameTag registry:https://registry.npmjs.org/mongo-hacker not in flight; fetching
51 verbose get https://registry.npmjs.org/mongo-hacker not expired, no request
52 silly addNameTag next cb for mongo-hacker with tag latest
53 silly addNamed mongo-hacker@0.0.15
54 verbose addNamed "0.0.15" is a plain semver version for mongo-hacker
55 silly cache afterAdd mongo-hacker@0.0.15
56 verbose afterAdd /Users/barispalaska/.npm/mongo-hacker/0.0.15/package/package.json not in flight; writing
57 verbose correctMkdir /Users/barispalaska/.npm correctMkdir not in flight; initializing
58 verbose afterAdd /Users/barispalaska/.npm/mongo-hacker/0.0.15/package/package.json written
59 silly loadAllDepsIntoIdealTree Finishing
60 silly loadIdealTree Finishing
61 silly currentTree lib
62 silly idealTree lib
62 silly idealTree └── mongo-hacker@0.0.15
63 silly generateActionsToTake Starting
64 silly install generateActionsToTake
65 silly generateActionsToTake Finishing
66 silly diffTrees action count 1
67 silly diffTrees add mongo-hacker@0.0.15
68 silly decomposeActions action count 8
69 silly decomposeActions fetch mongo-hacker@0.0.15
70 silly decomposeActions extract mongo-hacker@0.0.15
71 silly decomposeActions test mongo-hacker@0.0.15
72 silly decomposeActions preinstall mongo-hacker@0.0.15
73 silly decomposeActions build mongo-hacker@0.0.15
74 silly decomposeActions install mongo-hacker@0.0.15
75 silly decomposeActions postinstall mongo-hacker@0.0.15
76 silly decomposeActions finalize mongo-hacker@0.0.15
77 silly runTopLevelLifecycles Starting
78 silly executeActions Starting
79 silly install executeActions
80 silly doSerial global-install 0
81 silly doParallel fetch 1
82 verbose correctMkdir /Users/barispalaska/.npm/_locks correctMkdir not in flight; initializing
83 verbose lock using /Users/barispalaska/.npm/_locks/staging-3a08f0df5026584d.lock for /usr/local/lib/node_modules/.staging
84 silly doParallel extract 1
85 silly extract mongo-hacker@0.0.15
86 verbose unbuild lib/node_modules/.staging/mongo-hacker-2e9869c3
87 silly gentlyRm /usr/local/lib/node_modules/.staging/mongo-hacker-2e9869c3 is being purged from base /usr/local
88 verbose gentlyRm don't care about contents; nuking /usr/local/lib/node_modules/.staging/mongo-hacker-2e9869c3
89 verbose tar unpack /Users/barispalaska/.npm/mongo-hacker/0.0.15/package.tgz
90 verbose tar unpacking to /usr/local/lib/node_modules/.staging/mongo-hacker-2e9869c3
91 silly gentlyRm /usr/local/lib/node_modules/.staging/mongo-hacker-2e9869c3 is being purged
92 verbose gentlyRm don't care about contents; nuking /usr/local/lib/node_modules/.staging/mongo-hacker-2e9869c3
93 silly gunzTarPerm modes [ '755', '644' ]
94 silly gunzTarPerm extractEntry package.json
95 silly gunzTarPerm extractEntry .npmignore
96 silly gunzTarPerm extractEntry README.md
97 silly gunzTarPerm extractEntry LICENSE
98 silly gunzTarPerm extractEntry base.js
99 silly gunzTarPerm extractEntry config.js
100 silly gunzTarPerm extractEntry Makefile
101 silly gunzTarPerm extractEntry hacks/aggregation.js
102 silly gunzTarPerm extractEntry hacks/count.js
103 silly gunzTarPerm extractEntry hacks/dbref.js
104 silly gunzTarPerm extractEntry hacks/find_and_modify.js
105 silly gunzTarPerm extractEntry hacks/common.js
106 silly gunzTarPerm extractEntry hacks/index_paranoia.js
107 silly gunzTarPerm extractEntry hacks/old_aggregation.js
108 silly gunzTarPerm extractEntry hacks/prompt.js
109 silly gunzTarPerm extractEntry hacks/ps.js
110 silly gunzTarPerm extractEntry hacks/randomise.js
111 silly gunzTarPerm extractEntry hacks/color.js
112 silly gunzTarPerm extractEntry hacks/sh_status.js
113 silly gunzTarPerm extractEntry hacks/cmd_search.js
114 silly gunzTarPerm extractEntry hacks/show.js
115 silly gunzTarPerm extractEntry hacks/auto_complete.js
116 silly gunzTarPerm extractEntry hacks/uuid.js
117 silly gunzTarPerm extractEntry hacks/api.js
118 silly gunzTarPerm extractEntry hacks/verbose.js
119 silly gunzTarPerm extractEntry hacks/helpers.js
120 silly gentlyRm /usr/local/lib/node_modules/.staging/mongo-hacker-2e9869c3/node_modules is being purged
121 verbose gentlyRm don't care about contents; nuking /usr/local/lib/node_modules/.staging/mongo-hacker-2e9869c3/node_modules
122 silly doParallel preinstall 1
123 silly preinstall mongo-hacker@0.0.15 /usr/local/lib/node_modules/.staging/mongo-hacker-2e9869c3
124 info lifecycle mongo-hacker@0.0.15~preinstall: mongo-hacker@0.0.15
125 silly lifecycle mongo-hacker@0.0.15~preinstall: no script for preinstall, continuing
126 silly doReverseSerial remove 0
127 silly doSerial move 0
128 silly doSerial finalize 1
129 silly finalize /usr/local/lib/node_modules/mongo-hacker
130 silly doSerial build 1
131 silly build mongo-hacker@0.0.15
132 info linkStuff mongo-hacker@0.0.15
133 silly linkStuff mongo-hacker@0.0.15 has /usr/local/lib/node_modules as its parent node_modules
134 silly linkStuff mongo-hacker@0.0.15 is part of a global install
135 silly linkStuff mongo-hacker@0.0.15 is installed into a global node_modules
136 silly linkStuff mongo-hacker@0.0.15 is installed into the top-level global node_modules
137 verbose linkBins mongo-hacker@0.0.15
138 verbose linkMans mongo-hacker@0.0.15
139 silly doSerial global-link 0
140 silly doParallel update-linked 0
141 silly doSerial install 1
142 silly install mongo-hacker@0.0.15 /usr/local/lib/node_modules/.staging/mongo-hacker-2e9869c3
143 info lifecycle mongo-hacker@0.0.15~install: mongo-hacker@0.0.15
144 verbose lifecycle mongo-hacker@0.0.15~install: unsafe-perm in lifecycle false
145 verbose lifecycle mongo-hacker@0.0.15~install: PATH: /usr/local/lib/node_modules/npm/bin/node-gyp-bin:/usr/local/lib/node_modules/mongo-hacker/node_modules/.bin:/usr/local/lib/node_modules/.bin:/usr/local/bin:/usr/local/sbin:/usr/bin:/bin:/usr/sbin:/sbin
146 verbose lifecycle mongo-hacker@0.0.15~install: CWD: /usr/local/lib/node_modules/mongo-hacker
147 silly lifecycle mongo-hacker@0.0.15~install: Args: [ '-c', 'make install' ]
148 silly lifecycle mongo-hacker@0.0.15~install: Returned: code: 2  signal: null
149 info lifecycle mongo-hacker@0.0.15~install: Failed to exec install script
150 verbose unlock done using /Users/barispalaska/.npm/_locks/staging-3a08f0df5026584d.lock for /usr/local/lib/node_modules/.staging
151 silly rollbackFailedOptional Starting
152 silly rollbackFailedOptional Finishing
153 silly runTopLevelLifecycles Finishing
154 silly install printInstalled
155 verbose stack Error: mongo-hacker@0.0.15 install: `make install`
155 verbose stack Exit status 2
155 verbose stack     at EventEmitter.<anonymous> (/usr/local/lib/node_modules/npm/lib/utils/lifecycle.js:255:16)
155 verbose stack     at emitTwo (events.js:106:13)
155 verbose stack     at EventEmitter.emit (events.js:191:7)
155 verbose stack     at ChildProcess.<anonymous> (/usr/local/lib/node_modules/npm/lib/utils/spawn.js:40:14)
155 verbose stack     at emitTwo (events.js:106:13)
155 verbose stack     at ChildProcess.emit (events.js:191:7)
155 verbose stack     at maybeClose (internal/child_process.js:877:16)
155 verbose stack     at Process.ChildProcess._handle.onexit (internal/child_process.js:226:5)
156 verbose pkgid mongo-hacker@0.0.15
157 verbose cwd /Users/barispalaska/dotfiles
158 error Darwin 16.1.0
159 error argv "/usr/local/bin/node" "/usr/local/bin/npm" "install" "-g" "mongo-hacker"
160 error node v6.9.1
161 error npm  v3.10.8
162 error code ELIFECYCLE
163 error mongo-hacker@0.0.15 install: `make install`
163 error Exit status 2
164 error Failed at the mongo-hacker@0.0.15 install script 'make install'.
164 error Make sure you have the latest version of node.js and npm installed.
164 error If you do, this is most likely a problem with the mongo-hacker package,
164 error not with npm itself.
164 error Tell the author that this fails on your system:
164 error     make install
164 error You can get information on how to open an issue for this project with:
164 error     npm bugs mongo-hacker
164 error Or if that isn't available, you can get their info via:
164 error     npm owner ls mongo-hacker
164 error There is likely additional logging output above.
165 verbose exit [ 1, true ]
